SF:C:\Users\Fanto\source\repos\TestGameWork\TestGameWork\Services\AutorizationService.cs
FN:71,System.String TestGameWork.Services.AutorizationService::GenerateJwtToken(TestGameWork.Models.Player)
FNDA:0,System.String TestGameWork.Services.AutorizationService::GenerateJwtToken(TestGameWork.Models.Player)
DA:72,0
DA:73,0
DA:74,0
DA:75,0
DA:76,0
DA:77,0
DA:79,0
DA:80,0
DA:82,0
DA:83,0
DA:84,0
DA:85,0
DA:86,0
DA:88,0
DA:89,0
DA:90,0
DA:91,0
DA:92,0
DA:93,0
DA:94,0
DA:96,0
DA:97,0
FN:16,System.Void TestGameWork.Services.AutorizationService::.ctor(TestGameWork.Data.AppDbContext,Microsoft.Extensions.Configuration.IConfiguration)
FNDA:0,System.Void TestGameWork.Services.AutorizationService::.ctor(TestGameWork.Data.AppDbContext,Microsoft.Extensions.Configuration.IConfiguration)
DA:17,0
DA:18,0
DA:19,0
DA:20,0
DA:21,0
LF:27
LH:0
BRF:0
BRH:0
FNF:2
FNH:0
end_of_record
SF:C:\Users\Fanto\source\repos\TestGameWork\TestGameWork\Services\GameService.cs
FN:145,TestGameWork.DTOs.GameResponse TestGameWork.Services.GameService::MapToResponse(TestGameWork.Models.Game)
FNDA:6,TestGameWork.DTOs.GameResponse TestGameWork.Services.GameService::MapToResponse(TestGameWork.Models.Game)
DA:146,6
DA:147,6
DA:148,6
DA:150,6
DA:151,3
DA:153,3
DA:156,6
DA:157,6
DA:158,6
DA:159,6
DA:160,6
DA:161,6
DA:162,6
DA:163,6
DA:164,6
DA:165,6
DA:166,6
BRDA:150,48,0,3
BRDA:150,48,1,3
BRDA:156,118,0,2
BRDA:156,118,1,4
BRDA:156,130,0,2
BRDA:156,130,1,6
BRDA:156,146,0,3
BRDA:156,146,1,3
BRDA:156,158,0,3
BRDA:156,158,1,6
BRDA:156,180,0,1
BRDA:156,183,0,1
BRDA:156,183,1,0
BRDA:156,195,0,1
BRDA:156,180,1,5
BRDA:156,206,0,1
BRDA:156,206,1,4
BRDA:156,218,0,1
BRDA:156,195,1,6
BRDA:156,218,1,6
FN:167,System.Collections.Generic.List`1<System.Collections.Generic.List`1<System.String>> TestGameWork.Services.GameService::CreateEmptyBoard(System.Int32)
FNDA:3,System.Collections.Generic.List`1<System.Collections.Generic.List`1<System.String>> TestGameWork.Services.GameService::CreateEmptyBoard(System.Int32)
DA:168,3
DA:169,3
DA:170,6
DA:171,0
DA:172,0
DA:173,0
DA:174,0
DA:175,0
DA:176,0
DA:177,0
DA:178,0
DA:179,3
DA:180,3
BRDA:170,67,1,0
BRDA:173,44,1,0
BRDA:173,44,0,0
BRDA:170,67,0,3
FN:181,System.String TestGameWork.Services.GameService::InitBoardState(System.Int32)
FNDA:0,System.String TestGameWork.Services.GameService::InitBoardState(System.Int32)
DA:182,0
FN:183,System.Boolean TestGameWork.Services.GameService::IsBoardFull(System.Collections.Generic.List`1<System.Collections.Generic.List`1<System.String>>)
FNDA:1,System.Boolean TestGameWork.Services.GameService::IsBoardFull(System.Collections.Generic.List`1<System.Collections.Generic.List`1<System.String>>)
DA:184,1
DA:185,4
DA:186,1
DA:187,6
DA:188,2
DA:189,2
DA:190,1
DA:191,1
DA:192,0
DA:193,0
DA:194,1
BRDA:185,89,1,1
BRDA:187,62,1,2
BRDA:189,47,0,1
BRDA:189,47,1,1
BRDA:187,62,0,0
BRDA:185,89,0,0
FN:196,System.Boolean TestGameWork.Services.GameService::CheckWin(System.Collections.Generic.List`1<System.Collections.Generic.List`1<System.String>>,System.String,System.Int32,System.Int32,System.Int32)
FNDA:2,System.Boolean TestGameWork.Services.GameService::CheckWin(System.Collections.Generic.List`1<System.Collections.Generic.List`1<System.String>>,System.String,System.Int32,System.Int32,System.Int32)
DA:197,2
DA:198,10
DA:199,4
DA:200,26
DA:201,10
DA:202,10
DA:203,10
DA:204,10
DA:205,10
DA:206,1
DA:207,9
DA:208,3
DA:209,1
DA:210,2
BRDA:198,125,1,4
BRDA:200,110,1,10
BRDA:202,28,0,9
BRDA:202,47,0,9
BRDA:202,66,0,9
BRDA:202,28,1,1
BRDA:202,47,1,1
BRDA:202,66,1,1
BRDA:202,90,0,1
BRDA:202,90,1,9
BRDA:200,110,0,3
BRDA:198,125,0,1
FN:212,System.Boolean TestGameWork.Services.GameService::CheckLine(System.Collections.Generic.List`1<System.Collections.Generic.List`1<System.String>>,System.String,System.Int32,System.Int32,System.Int32,System.Int32,System.Int32,System.Int32,System.Int32)
FNDA:37,System.Boolean TestGameWork.Services.GameService::CheckLine(System.Collections.Generic.List`1<System.Collections.Generic.List`1<System.String>>,System.String,System.Int32,System.Int32,System.Int32,System.Int32,System.Int32,System.Int32,System.Int32)
DA:213,37
DA:214,37
DA:215,44
DA:216,44
DA:217,7
DA:218,7
DA:219,7
DA:220,7
DA:221,7
DA:222,37
DA:223,37
BRDA:215,69,1,7
BRDA:215,27,0,43
BRDA:215,33,0,43
BRDA:215,37,0,43
BRDA:215,42,0,42
BRDA:215,27,1,2
BRDA:215,33,1,2
BRDA:215,37,1,2
BRDA:215,42,1,2
BRDA:215,69,0,37
FN:14,System.Void TestGameWork.Services.GameService::.ctor(TestGameWork.Repositories.IGameRepository,TestGameWork.Repositories.IPlayerRepository,Microsoft.Extensions.Configuration.IConfiguration)
FNDA:8,System.Void TestGameWork.Services.GameService::.ctor(TestGameWork.Repositories.IGameRepository,TestGameWork.Repositories.IPlayerRepository,Microsoft.Extensions.Configuration.IConfiguration)
DA:15,8
DA:16,8
DA:17,8
DA:18,8
DA:19,8
DA:20,8
LF:73
LH:62
BRF:52
BRH:46
FNF:7
FNH:6
end_of_record
SF:C:\Users\Fanto\source\repos\TestGameWork\TestGameWork\Repositories\GameRepository.cs
FN:10,System.Void TestGameWork.Repositories.GameRepository::.ctor(TestGameWork.Data.AppDbContext)
FNDA:0,System.Void TestGameWork.Repositories.GameRepository::.ctor(TestGameWork.Data.AppDbContext)
DA:11,0
LF:1
LH:0
BRF:0
BRH:0
FNF:1
FNH:0
end_of_record
SF:C:\Users\Fanto\source\repos\TestGameWork\TestGameWork\Repositories\PlayerRepository.cs
FN:18,TestGameWork.Models.Player TestGameWork.Repositories.PlayerRepository::GetById(System.Guid)
FNDA:0,TestGameWork.Models.Player TestGameWork.Repositories.PlayerRepository::GetById(System.Guid)
DA:19,0
DA:20,0
DA:21,0
DA:23,0
DA:24,0
DA:25,0
DA:26,0
DA:27,0
DA:28,0
DA:29,0
BRDA:21,39,0,0
BRDA:21,39,1,0
FN:9,System.Void TestGameWork.Repositories.PlayerRepository::.ctor(TestGameWork.Data.AppDbContext)
FNDA:0,System.Void TestGameWork.Repositories.PlayerRepository::.ctor(TestGameWork.Data.AppDbContext)
DA:10,0
LF:11
LH:0
BRF:2
BRH:0
FNF:2
FNH:0
end_of_record
SF:C:\Users\Fanto\source\repos\TestGameWork\TestGameWork\Migrations\20250719191945_Init.cs
FN:12,System.Void TestGameWork.Migrations.Init::Up(Microsoft.EntityFrameworkCore.Migrations.MigrationBuilder)
FNDA:0,System.Void TestGameWork.Migrations.Init::Up(Microsoft.EntityFrameworkCore.Migrations.MigrationBuilder)
DA:13,0
DA:14,0
DA:15,0
DA:16,0
DA:17,0
DA:18,0
DA:19,0
DA:20,0
DA:21,0
DA:22,0
DA:23,0
DA:24,0
DA:25,0
DA:26,0
DA:27,0
DA:28,0
DA:29,0
DA:30,0
DA:32,0
DA:33,0
DA:34,0
DA:35,0
DA:36,0
DA:37,0
DA:38,0
DA:39,0
DA:40,0
DA:41,0
DA:42,0
DA:43,0
DA:44,0
FN:47,System.Void TestGameWork.Migrations.Init::Down(Microsoft.EntityFrameworkCore.Migrations.MigrationBuilder)
FNDA:0,System.Void TestGameWork.Migrations.Init::Down(Microsoft.EntityFrameworkCore.Migrations.MigrationBuilder)
DA:48,0
DA:49,0
DA:50,0
DA:52,0
DA:53,0
DA:54,0
LF:37
LH:0
BRF:0
BRH:0
FNF:2
FNH:0
end_of_record
SF:C:\Users\Fanto\source\repos\TestGameWork\TestGameWork\Migrations\20250719191945_Init.Designer.cs
FN:19,System.Void TestGameWork.Migrations.Init::BuildTargetModel(Microsoft.EntityFrameworkCore.ModelBuilder)
FNDA:0,System.Void TestGameWork.Migrations.Init::BuildTargetModel(Microsoft.EntityFrameworkCore.ModelBuilder)
DA:20,0
DA:22,0
DA:23,0
DA:24,0
DA:26,0
DA:28,0
DA:29,0
DA:30,0
DA:31,0
DA:32,0
DA:33,0
DA:34,0
DA:35,0
DA:36,0
DA:37,0
DA:38,0
DA:39,0
DA:40,0
DA:41,0
DA:42,0
DA:43,0
DA:44,0
DA:45,0
DA:46,0
DA:47,0
DA:48,0
DA:49,0
DA:50,0
DA:51,0
DA:52,0
DA:53,0
DA:54,0
DA:55,0
DA:56,0
DA:57,0
DA:58,0
DA:59,0
DA:61,0
DA:62,0
DA:63,0
DA:64,0
DA:65,0
DA:66,0
DA:67,0
DA:68,0
DA:69,0
DA:70,0
DA:71,0
DA:72,0
DA:73,0
DA:74,0
DA:75,0
DA:76,0
DA:77,0
DA:78,0
DA:80,0
LF:56
LH:0
BRF:0
BRH:0
FNF:1
FNH:0
end_of_record
SF:C:\Users\Fanto\source\repos\TestGameWork\TestGameWork\Migrations\AppDbContextModelSnapshot.cs
FN:16,System.Void TestGameWork.Migrations.AppDbContextModelSnapshot::BuildModel(Microsoft.EntityFrameworkCore.ModelBuilder)
FNDA:0,System.Void TestGameWork.Migrations.AppDbContextModelSnapshot::BuildModel(Microsoft.EntityFrameworkCore.ModelBuilder)
DA:17,0
DA:19,0
DA:20,0
DA:21,0
DA:23,0
DA:25,0
DA:26,0
DA:27,0
DA:28,0
DA:29,0
DA:30,0
DA:31,0
DA:32,0
DA:33,0
DA:34,0
DA:35,0
DA:36,0
DA:37,0
DA:38,0
DA:39,0
DA:40,0
DA:41,0
DA:42,0
DA:43,0
DA:44,0
DA:45,0
DA:46,0
DA:47,0
DA:48,0
DA:49,0
DA:50,0
DA:51,0
DA:52,0
DA:53,0
DA:54,0
DA:55,0
DA:56,0
DA:58,0
DA:59,0
DA:60,0
DA:61,0
DA:62,0
DA:63,0
DA:64,0
DA:65,0
DA:66,0
DA:67,0
DA:68,0
DA:69,0
DA:70,0
DA:71,0
DA:72,0
DA:73,0
DA:74,0
DA:75,0
DA:77,0
LF:56
LH:0
BRF:0
BRH:0
FNF:1
FNH:0
end_of_record
SF:C:\Users\Fanto\source\repos\TestGameWork\TestGameWork\Data\AppDbContext.cs
FN:16,System.Void TestGameWork.Data.AppDbContext::OnModelCreating(Microsoft.EntityFrameworkCore.ModelBuilder)
FNDA:0,System.Void TestGameWork.Data.AppDbContext::OnModelCreating(Microsoft.EntityFrameworkCore.ModelBuilder)
DA:17,0
DA:18,0
DA:19,0
DA:20,0
DA:21,0
FN:12,System.Void TestGameWork.Data.AppDbContext::.ctor(Microsoft.EntityFrameworkCore.DbContextOptions`1<TestGameWork.Data.AppDbContext>)
FNDA:0,System.Void TestGameWork.Data.AppDbContext::.ctor(Microsoft.EntityFrameworkCore.DbContextOptions`1<TestGameWork.Data.AppDbContext>)
DA:13,0
LF:6
LH:0
BRF:0
BRH:0
FNF:2
FNH:0
end_of_record
SF:C:\Users\Fanto\source\repos\TestGameWork\TestGameWork\Controllers\AutorizationController.cs
FN:14,System.Void TestGameWork.Controllers.AutorizationController::.ctor(TestGameWork.Services.IAutorizationService)
FNDA:0,System.Void TestGameWork.Controllers.AutorizationController::.ctor(TestGameWork.Services.IAutorizationService)
DA:15,0
DA:16,0
DA:17,0
DA:18,0
LF:4
LH:0
BRF:0
BRH:0
FNF:1
FNH:0
end_of_record
SF:C:\Users\Fanto\source\repos\TestGameWork\TestGameWork\Controllers\GameController.cs
FN:73,System.Guid TestGameWork.Controllers.GameController::GetUserId()
FNDA:0,System.Guid TestGameWork.Controllers.GameController::GetUserId()
DA:74,0
DA:75,0
DA:77,0
DA:78,0
DA:80,0
DA:81,0
DA:83,0
DA:84,0
BRDA:77,55,0,0
BRDA:77,55,1,0
BRDA:80,83,0,0
BRDA:80,83,1,0
FN:15,System.Void TestGameWork.Controllers.GameController::.ctor(TestGameWork.Services.IGameService)
FNDA:0,System.Void TestGameWork.Controllers.GameController::.ctor(TestGameWork.Services.IGameService)
DA:16,0
DA:17,0
DA:18,0
DA:19,0
LF:12
LH:0
BRF:4
BRH:0
FNF:2
FNH:0
end_of_record